<?xml version="1.0" encoding="UTF-8"?>
<!-- Generated by org.testng.reporters.JUnitXMLReporter -->
<testsuite hostname="WHM0004922.local" ignored="0" name="Default test" tests="8" failures="0" timestamp="2022-05-14T16:41:08 CEST" time="1.386" errors="0">
  <testcase name="accessingUsers" time="1.043" classname="com.testPages.UserCasesServiceGet"/>
  <testcase name="accessingClosedCases" time="0.125" classname="com.testPages.UserCasesServiceGet"/>
  <testcase name="accessingOpenCases" time="0.04" classname="com.testPages.UserCasesServiceGet"/>
  <testcase name="accessingUsersByID" time="0.03" classname="com.testPages.UserCasesServiceGet"/>
  <testcase name="accessingUsersCaseByID" time="0.033" classname="com.testPages.UserCasesServiceGet"/>
  <testcase name="accessingUsersCases" time="0.026" classname="com.testPages.UserCasesServiceGet"/>
  <testcase name="accessingAllClosedCases" time="0.018" classname="com.testPages.UserCasesServiceGet"/>
  <testcase name="accessingAllOpenCases" time="0.015" classname="com.testPages.UserCasesServiceGet"/>
</testsuite> <!-- Default test -->
