<?xml version="1.0" encoding="UTF-8"?>
<!-- Generated by org.testng.reporters.JUnitXMLReporter -->
<testsuite hostname="WHM0004922.local" ignored="2" name="Test" tests="10" failures="0" timestamp="2022-05-14T16:52:51 CEST" time="1.806" errors="0">
  <testcase name="CreatingANewUser" time="1.322" classname="com.testPages.UserCasesServicePost"/>
  <testcase name="CreatingexistenceUser" time="0.022" classname="com.testPages.UserCasesServicePost"/>
  <testcase name="accessingUsers" time="0.029" classname="com.testPages.UserCasesServiceGet"/>
  <testcase name="accessingClosedCases" time="0.105" classname="com.testPages.UserCasesServiceGet"/>
  <testcase name="accessingOpenCases" time="0.062" classname="com.testPages.UserCasesServiceGet"/>
  <testcase name="accessingUsersByID" time="0.039" classname="com.testPages.UserCasesServiceGet"/>
  <testcase name="accessingUsersCaseByID" time="0.053" classname="com.testPages.UserCasesServiceGet"/>
  <testcase name="accessingUsersCases" time="0.032" classname="com.testPages.UserCasesServiceGet"/>
  <testcase name="accessingAllClosedCases" time="0.029" classname="com.testPages.UserCasesServiceGet"/>
  <testcase name="accessingAllOpenCases" time="0.042" classname="com.testPages.UserCasesServiceGet"/>
  <testcase name="@AfterSuite tearDown" time="0.0" classname="utilities.TestBase">
    <ignored/>
  </testcase> <!-- @AfterSuite tearDown -->
  <testcase name="@BeforeSuite driverAndExtentReportSetup" time="0.0" classname="utilities.TestBase">
    <ignored/>
  </testcase> <!-- @BeforeSuite driverAndExtentReportSetup -->
</testsuite> <!-- Test -->
