<?xml version="1.0" encoding="UTF-8"?>
<testng-results skipped="0" failed="0" ignored="2" total="12" passed="10">
  <reporter-output>
    <line>
      <![CDATA[Status code is : 200]]>
    </line>
    <line>
      <![CDATA[Actual string: [ 200 ] is matching with Expected string: [ 200 ]]]>
    </line>
    <line>
      <![CDATA[Status code is : 200]]>
    </line>
    <line>
      <![CDATA[Actual string: [ 200 ] is matching with Expected string: [ 200 ]]]>
    </line>
    <line>
      <![CDATA[Status code is : 200]]>
    </line>
    <line>
      <![CDATA[Actual string: [ 200 ] is matching with Expected string: [ 200 ]]]>
    </line>
    <line>
      <![CDATA[Status code is : 200]]>
    </line>
    <line>
      <![CDATA[Actual string: [ 200 ] is matching with Expected string: [ 200 ]]]>
    </line>
    <line>
      <![CDATA[Status code is : 200]]>
    </line>
    <line>
      <![CDATA[Actual string: [ 200 ] is matching with Expected string: [ 200 ]]]>
    </line>
  </reporter-output>
  <suite name="Suite" duration-ms="1806" started-at="2022-05-14T16:52:50 CEST" finished-at="2022-05-14T16:52:51 CEST">
    <groups>
    </groups>
    <test name="Test" duration-ms="1806" started-at="2022-05-14T16:52:50 CEST" finished-at="2022-05-14T16:52:51 CEST">
      <class name="com.testPages.UserCasesServicePost">
        <test-method status="PASS" signature="driverAndExtentReportSetup()[pri:0, instance:com.testPages.UserCasesServicePost@397fbdb]" name="driverAndExtentReportSetup" is-config="true" duration-ms="8" started-at="2022-05-14T16:52:50 CEST" finished-at="2022-05-14T16:52:50 CEST">
          <reporter-output>
          </reporter-output>
        </test-method> <!-- driverAndExtentReportSetup -->
        <test-method status="PASS" signature="thisClassTestStarted()[pri:0, instance:com.testPages.UserCasesServicePost@397fbdb]" name="thisClassTestStarted" is-config="true" duration-ms="3" started-at="2022-05-14T16:52:50 CEST" finished-at="2022-05-14T16:52:50 CEST">
          <reporter-output>
          </reporter-output>
        </test-method> <!-- thisClassTestStarted -->
        <test-method status="PASS" signature="driverAndExtentReportSetup(java.lang.reflect.Method)[pri:0, instance:com.testPages.UserCasesServicePost@397fbdb]" name="driverAndExtentReportSetup" is-config="true" duration-ms="4" started-at="2022-05-14T16:52:50 CEST" finished-at="2022-05-14T16:52:50 CEST">
          <params>
            <param index="0">
              <value>
                <![CDATA[public void com.testPages.UserCasesServicePost.CreatingANewUser()]]>
              </value>
            </param>
          </params>
          <reporter-output>
          </reporter-output>
        </test-method> <!-- driverAndExtentReportSetup -->
        <test-method status="PASS" signature="CreatingANewUser()[pri:3, instance:com.testPages.UserCasesServicePost@397fbdb]" name="CreatingANewUser" duration-ms="1322" started-at="2022-05-14T16:52:50 CEST" finished-at="2022-05-14T16:52:51 CEST">
          <reporter-output>
          </reporter-output>
        </test-method> <!-- CreatingANewUser -->
        <test-method status="PASS" signature="afterMethod(org.testng.ITestResult)[pri:0, instance:com.testPages.UserCasesServicePost@397fbdb]" name="afterMethod" is-config="true" duration-ms="1" started-at="2022-05-14T16:52:51 CEST" finished-at="2022-05-14T16:52:51 CEST">
          <params>
            <param index="0">
              <value>
                <![CDATA[[TestResult name=CreatingANewUser status=SUCCESS method=UserCasesServicePost.CreatingANewUser()[pri:3, instance:com.testPages.UserCasesServicePost@397fbdb] output={null}]]]>
              </value>
            </param>
          </params>
          <reporter-output>
          </reporter-output>
        </test-method> <!-- afterMethod -->
        <test-method status="PASS" signature="driverAndExtentReportSetup(java.lang.reflect.Method)[pri:0, instance:com.testPages.UserCasesServicePost@397fbdb]" name="driverAndExtentReportSetup" is-config="true" duration-ms="1" started-at="2022-05-14T16:52:51 CEST" finished-at="2022-05-14T16:52:51 CEST">
          <params>
            <param index="0">
              <value>
                <![CDATA[public void com.testPages.UserCasesServicePost.CreatingexistenceUser()]]>
              </value>
            </param>
          </params>
          <reporter-output>
          </reporter-output>
        </test-method> <!-- driverAndExtentReportSetup -->
        <test-method status="PASS" signature="CreatingexistenceUser()[pri:3, instance:com.testPages.UserCasesServicePost@397fbdb]" name="CreatingexistenceUser" duration-ms="22" started-at="2022-05-14T16:52:51 CEST" finished-at="2022-05-14T16:52:51 CEST">
          <reporter-output>
          </reporter-output>
        </test-method> <!-- CreatingexistenceUser -->
        <test-method status="PASS" signature="afterMethod(org.testng.ITestResult)[pri:0, instance:com.testPages.UserCasesServicePost@397fbdb]" name="afterMethod" is-config="true" duration-ms="0" started-at="2022-05-14T16:52:51 CEST" finished-at="2022-05-14T16:52:51 CEST">
          <params>
            <param index="0">
              <value>
                <![CDATA[[TestResult name=CreatingexistenceUser status=SUCCESS method=UserCasesServicePost.CreatingexistenceUser()[pri:3, instance:com.testPages.UserCasesServicePost@397fbdb] output={null}]]]>
              </value>
            </param>
          </params>
          <reporter-output>
          </reporter-output>
        </test-method> <!-- afterMethod -->
        <test-method status="PASS" signature="endTest()[pri:0, instance:com.testPages.UserCasesServicePost@397fbdb]" name="endTest" is-config="true" duration-ms="1" started-at="2022-05-14T16:52:51 CEST" finished-at="2022-05-14T16:52:51 CEST">
          <reporter-output>
          </reporter-output>
        </test-method> <!-- endTest -->
        <test-method status="PASS" signature="tearDown()[pri:0, instance:com.testPages.UserCasesServicePost@397fbdb]" name="tearDown" is-config="true" duration-ms="1295" started-at="2022-05-14T16:52:51 CEST" finished-at="2022-05-14T16:52:53 CEST">
          <reporter-output>
          </reporter-output>
        </test-method> <!-- tearDown -->
      </class> <!-- com.testPages.UserCasesServicePost -->
      <class name="com.testPages.UserCasesServiceGet">
        <test-method status="PASS" signature="thisClassTestStarted()[pri:0, instance:com.testPages.UserCasesServiceGet@618b19ad]" name="thisClassTestStarted" is-config="true" duration-ms="1" started-at="2022-05-14T16:52:51 CEST" finished-at="2022-05-14T16:52:51 CEST">
          <reporter-output>
          </reporter-output>
        </test-method> <!-- thisClassTestStarted -->
        <test-method status="PASS" signature="driverAndExtentReportSetup(java.lang.reflect.Method)[pri:0, instance:com.testPages.UserCasesServiceGet@618b19ad]" name="driverAndExtentReportSetup" is-config="true" duration-ms="1" started-at="2022-05-14T16:52:51 CEST" finished-at="2022-05-14T16:52:51 CEST">
          <params>
            <param index="0">
              <value>
                <![CDATA[public void com.testPages.UserCasesServiceGet.accessingUsers()]]>
              </value>
            </param>
          </params>
          <reporter-output>
          </reporter-output>
        </test-method> <!-- driverAndExtentReportSetup -->
        <test-method status="PASS" signature="accessingUsers()[pri:0, instance:com.testPages.UserCasesServiceGet@618b19ad]" name="accessingUsers" duration-ms="29" started-at="2022-05-14T16:52:51 CEST" finished-at="2022-05-14T16:52:51 CEST">
          <reporter-output>
          </reporter-output>
        </test-method> <!-- accessingUsers -->
        <test-method status="PASS" signature="afterMethod(org.testng.ITestResult)[pri:0, instance:com.testPages.UserCasesServiceGet@618b19ad]" name="afterMethod" is-config="true" duration-ms="1" started-at="2022-05-14T16:52:51 CEST" finished-at="2022-05-14T16:52:51 CEST">
          <params>
            <param index="0">
              <value>
                <![CDATA[[TestResult name=accessingUsers status=SUCCESS method=UserCasesServiceGet.accessingUsers()[pri:0, instance:com.testPages.UserCasesServiceGet@618b19ad] output={null}]]]>
              </value>
            </param>
          </params>
          <reporter-output>
          </reporter-output>
        </test-method> <!-- afterMethod -->
        <test-method status="PASS" signature="driverAndExtentReportSetup(java.lang.reflect.Method)[pri:0, instance:com.testPages.UserCasesServiceGet@618b19ad]" name="driverAndExtentReportSetup" is-config="true" duration-ms="1" started-at="2022-05-14T16:52:51 CEST" finished-at="2022-05-14T16:52:51 CEST">
          <params>
            <param index="0">
              <value>
                <![CDATA[public void com.testPages.UserCasesServiceGet.accessingClosedCases()]]>
              </value>
            </param>
          </params>
          <reporter-output>
          </reporter-output>
        </test-method> <!-- driverAndExtentReportSetup -->
        <test-method status="PASS" signature="accessingClosedCases()[pri:1, instance:com.testPages.UserCasesServiceGet@618b19ad]" name="accessingClosedCases" duration-ms="105" started-at="2022-05-14T16:52:51 CEST" finished-at="2022-05-14T16:52:51 CEST">
          <reporter-output>
            <line>
              <![CDATA[Status code is : 200]]>
            </line>
            <line>
              <![CDATA[Actual string: [ 200 ] is matching with Expected string: [ 200 ]]]>
            </line>
          </reporter-output>
        </test-method> <!-- accessingClosedCases -->
        <test-method status="PASS" signature="afterMethod(org.testng.ITestResult)[pri:0, instance:com.testPages.UserCasesServiceGet@618b19ad]" name="afterMethod" is-config="true" duration-ms="0" started-at="2022-05-14T16:52:51 CEST" finished-at="2022-05-14T16:52:51 CEST">
          <params>
            <param index="0">
              <value>
                <![CDATA[[TestResult name=accessingClosedCases status=SUCCESS method=UserCasesServiceGet.accessingClosedCases()[pri:1, instance:com.testPages.UserCasesServiceGet@618b19ad] output=Status code is : 200]]]>
              </value>
            </param>
          </params>
          <reporter-output>
          </reporter-output>
        </test-method> <!-- afterMethod -->
        <test-method status="PASS" signature="accessingOpenCases()[pri:1, instance:com.testPages.UserCasesServiceGet@618b19ad]" name="accessingOpenCases" duration-ms="62" started-at="2022-05-14T16:52:51 CEST" finished-at="2022-05-14T16:52:51 CEST">
          <reporter-output>
            <line>
              <![CDATA[Status code is : 200]]>
            </line>
            <line>
              <![CDATA[Actual string: [ 200 ] is matching with Expected string: [ 200 ]]]>
            </line>
          </reporter-output>
        </test-method> <!-- accessingOpenCases -->
        <test-method status="PASS" signature="driverAndExtentReportSetup(java.lang.reflect.Method)[pri:0, instance:com.testPages.UserCasesServiceGet@618b19ad]" name="driverAndExtentReportSetup" is-config="true" duration-ms="0" started-at="2022-05-14T16:52:51 CEST" finished-at="2022-05-14T16:52:51 CEST">
          <params>
            <param index="0">
              <value>
                <![CDATA[public void com.testPages.UserCasesServiceGet.accessingOpenCases()]]>
              </value>
            </param>
          </params>
          <reporter-output>
          </reporter-output>
        </test-method> <!-- driverAndExtentReportSetup -->
        <test-method status="PASS" signature="afterMethod(org.testng.ITestResult)[pri:0, instance:com.testPages.UserCasesServiceGet@618b19ad]" name="afterMethod" is-config="true" duration-ms="1" started-at="2022-05-14T16:52:51 CEST" finished-at="2022-05-14T16:52:51 CEST">
          <params>
            <param index="0">
              <value>
                <![CDATA[[TestResult name=accessingOpenCases status=SUCCESS method=UserCasesServiceGet.accessingOpenCases()[pri:1, instance:com.testPages.UserCasesServiceGet@618b19ad] output=Status code is : 200]]]>
              </value>
            </param>
          </params>
          <reporter-output>
          </reporter-output>
        </test-method> <!-- afterMethod -->
        <test-method status="PASS" signature="driverAndExtentReportSetup(java.lang.reflect.Method)[pri:0, instance:com.testPages.UserCasesServiceGet@618b19ad]" name="driverAndExtentReportSetup" is-config="true" duration-ms="1" started-at="2022-05-14T16:52:51 CEST" finished-at="2022-05-14T16:52:51 CEST">
          <params>
            <param index="0">
              <value>
                <![CDATA[public void com.testPages.UserCasesServiceGet.accessingUsersByID()]]>
              </value>
            </param>
          </params>
          <reporter-output>
          </reporter-output>
        </test-method> <!-- driverAndExtentReportSetup -->
        <test-method status="PASS" signature="accessingUsersByID()[pri:1, instance:com.testPages.UserCasesServiceGet@618b19ad]" name="accessingUsersByID" duration-ms="39" started-at="2022-05-14T16:52:51 CEST" finished-at="2022-05-14T16:52:51 CEST">
          <reporter-output>
            <line>
              <![CDATA[Status code is : 200]]>
            </line>
            <line>
              <![CDATA[Actual string: [ 200 ] is matching with Expected string: [ 200 ]]]>
            </line>
          </reporter-output>
        </test-method> <!-- accessingUsersByID -->
        <test-method status="PASS" signature="afterMethod(org.testng.ITestResult)[pri:0, instance:com.testPages.UserCasesServiceGet@618b19ad]" name="afterMethod" is-config="true" duration-ms="0" started-at="2022-05-14T16:52:51 CEST" finished-at="2022-05-14T16:52:51 CEST">
          <params>
            <param index="0">
              <value>
                <![CDATA[[TestResult name=accessingUsersByID status=SUCCESS method=UserCasesServiceGet.accessingUsersByID()[pri:1, instance:com.testPages.UserCasesServiceGet@618b19ad] output=Status code is : 200]]]>
              </value>
            </param>
          </params>
          <reporter-output>
          </reporter-output>
        </test-method> <!-- afterMethod -->
        <test-method status="PASS" signature="driverAndExtentReportSetup(java.lang.reflect.Method)[pri:0, instance:com.testPages.UserCasesServiceGet@618b19ad]" name="driverAndExtentReportSetup" is-config="true" duration-ms="0" started-at="2022-05-14T16:52:51 CEST" finished-at="2022-05-14T16:52:51 CEST">
          <params>
            <param index="0">
              <value>
                <![CDATA[public void com.testPages.UserCasesServiceGet.accessingUsersCaseByID()]]>
              </value>
            </param>
          </params>
          <reporter-output>
          </reporter-output>
        </test-method> <!-- driverAndExtentReportSetup -->
        <test-method status="PASS" signature="accessingUsersCaseByID()[pri:1, instance:com.testPages.UserCasesServiceGet@618b19ad]" name="accessingUsersCaseByID" duration-ms="53" started-at="2022-05-14T16:52:51 CEST" finished-at="2022-05-14T16:52:51 CEST">
          <reporter-output>
            <line>
              <![CDATA[Status code is : 200]]>
            </line>
            <line>
              <![CDATA[Actual string: [ 200 ] is matching with Expected string: [ 200 ]]]>
            </line>
          </reporter-output>
        </test-method> <!-- accessingUsersCaseByID -->
        <test-method status="PASS" signature="afterMethod(org.testng.ITestResult)[pri:0, instance:com.testPages.UserCasesServiceGet@618b19ad]" name="afterMethod" is-config="true" duration-ms="0" started-at="2022-05-14T16:52:51 CEST" finished-at="2022-05-14T16:52:51 CEST">
          <params>
            <param index="0">
              <value>
                <![CDATA[[TestResult name=accessingUsersCaseByID status=SUCCESS method=UserCasesServiceGet.accessingUsersCaseByID()[pri:1, instance:com.testPages.UserCasesServiceGet@618b19ad] output=Status code is : 200]]]>
              </value>
            </param>
          </params>
          <reporter-output>
          </reporter-output>
        </test-method> <!-- afterMethod -->
        <test-method status="PASS" signature="driverAndExtentReportSetup(java.lang.reflect.Method)[pri:0, instance:com.testPages.UserCasesServiceGet@618b19ad]" name="driverAndExtentReportSetup" is-config="true" duration-ms="1" started-at="2022-05-14T16:52:51 CEST" finished-at="2022-05-14T16:52:51 CEST">
          <params>
            <param index="0">
              <value>
                <![CDATA[public void com.testPages.UserCasesServiceGet.accessingUsersCases()]]>
              </value>
            </param>
          </params>
          <reporter-output>
          </reporter-output>
        </test-method> <!-- driverAndExtentReportSetup -->
        <test-method status="PASS" signature="accessingUsersCases()[pri:1, instance:com.testPages.UserCasesServiceGet@618b19ad]" name="accessingUsersCases" duration-ms="32" started-at="2022-05-14T16:52:51 CEST" finished-at="2022-05-14T16:52:51 CEST">
          <reporter-output>
            <line>
              <![CDATA[Status code is : 200]]>
            </line>
            <line>
              <![CDATA[Actual string: [ 200 ] is matching with Expected string: [ 200 ]]]>
            </line>
          </reporter-output>
        </test-method> <!-- accessingUsersCases -->
        <test-method status="PASS" signature="afterMethod(org.testng.ITestResult)[pri:0, instance:com.testPages.UserCasesServiceGet@618b19ad]" name="afterMethod" is-config="true" duration-ms="1" started-at="2022-05-14T16:52:51 CEST" finished-at="2022-05-14T16:52:51 CEST">
          <params>
            <param index="0">
              <value>
                <![CDATA[[TestResult name=accessingUsersCases status=SUCCESS method=UserCasesServiceGet.accessingUsersCases()[pri:1, instance:com.testPages.UserCasesServiceGet@618b19ad] output=Status code is : 200]]]>
              </value>
            </param>
          </params>
          <reporter-output>
          </reporter-output>
        </test-method> <!-- afterMethod -->
        <test-method status="PASS" signature="driverAndExtentReportSetup(java.lang.reflect.Method)[pri:0, instance:com.testPages.UserCasesServiceGet@618b19ad]" name="driverAndExtentReportSetup" is-config="true" duration-ms="2" started-at="2022-05-14T16:52:51 CEST" finished-at="2022-05-14T16:52:51 CEST">
          <params>
            <param index="0">
              <value>
                <![CDATA[public void com.testPages.UserCasesServiceGet.accessingAllClosedCases()]]>
              </value>
            </param>
          </params>
          <reporter-output>
          </reporter-output>
        </test-method> <!-- driverAndExtentReportSetup -->
        <test-method status="PASS" signature="accessingAllClosedCases()[pri:2, instance:com.testPages.UserCasesServiceGet@618b19ad]" name="accessingAllClosedCases" duration-ms="29" started-at="2022-05-14T16:52:51 CEST" finished-at="2022-05-14T16:52:51 CEST">
          <reporter-output>
          </reporter-output>
        </test-method> <!-- accessingAllClosedCases -->
        <test-method status="PASS" signature="afterMethod(org.testng.ITestResult)[pri:0, instance:com.testPages.UserCasesServiceGet@618b19ad]" name="afterMethod" is-config="true" duration-ms="1" started-at="2022-05-14T16:52:51 CEST" finished-at="2022-05-14T16:52:51 CEST">
          <params>
            <param index="0">
              <value>
                <![CDATA[[TestResult name=accessingAllClosedCases status=SUCCESS method=UserCasesServiceGet.accessingAllClosedCases()[pri:2, instance:com.testPages.UserCasesServiceGet@618b19ad] output={null}]]]>
              </value>
            </param>
          </params>
          <reporter-output>
          </reporter-output>
        </test-method> <!-- afterMethod -->
        <test-method status="PASS" signature="driverAndExtentReportSetup(java.lang.reflect.Method)[pri:0, instance:com.testPages.UserCasesServiceGet@618b19ad]" name="driverAndExtentReportSetup" is-config="true" duration-ms="1" started-at="2022-05-14T16:52:51 CEST" finished-at="2022-05-14T16:52:51 CEST">
          <params>
            <param index="0">
              <value>
                <![CDATA[public void com.testPages.UserCasesServiceGet.accessingAllOpenCases()]]>
              </value>
            </param>
          </params>
          <reporter-output>
          </reporter-output>
        </test-method> <!-- driverAndExtentReportSetup -->
        <test-method status="PASS" signature="accessingAllOpenCases()[pri:2, instance:com.testPages.UserCasesServiceGet@618b19ad]" name="accessingAllOpenCases" duration-ms="42" started-at="2022-05-14T16:52:51 CEST" finished-at="2022-05-14T16:52:51 CEST">
          <reporter-output>
          </reporter-output>
        </test-method> <!-- accessingAllOpenCases -->
        <test-method status="PASS" signature="afterMethod(org.testng.ITestResult)[pri:0, instance:com.testPages.UserCasesServiceGet@618b19ad]" name="afterMethod" is-config="true" duration-ms="0" started-at="2022-05-14T16:52:51 CEST" finished-at="2022-05-14T16:52:51 CEST">
          <params>
            <param index="0">
              <value>
                <![CDATA[[TestResult name=accessingAllOpenCases status=SUCCESS method=UserCasesServiceGet.accessingAllOpenCases()[pri:2, instance:com.testPages.UserCasesServiceGet@618b19ad] output={null}]]]>
              </value>
            </param>
          </params>
          <reporter-output>
          </reporter-output>
        </test-method> <!-- afterMethod -->
        <test-method status="PASS" signature="endTest()[pri:0, instance:com.testPages.UserCasesServiceGet@618b19ad]" name="endTest" is-config="true" duration-ms="0" started-at="2022-05-14T16:52:51 CEST" finished-at="2022-05-14T16:52:51 CEST">
          <reporter-output>
          </reporter-output>
        </test-method> <!-- endTest -->
      </class> <!-- com.testPages.UserCasesServiceGet -->
    </test> <!-- Test -->
  </suite> <!-- Suite -->
</testng-results>
